Arguments: 
  C:\Program Files\nodejs\node.exe C:\Users\rohit\AppData\Roaming\npm\node_modules\yarn\bin\yarn.js add react-icons

PATH: 
  C:\Python310\Scripts\;C:\Python310\;C:\Windows\system32;C:\Windows;C:\Windows\System32\Wbem;C:\Windows\System32\WindowsPowerShell\v1.0\;C:\Windows\System32\OpenSSH\;C:\Program Files\nodejs\;C:\ProgramData\chocolatey\bin;;C:\Program Files\Microsoft VS Code\bin;C:\Users\rohit\AppData\Local\Programs\Python\Python39\Scripts\;C:\Users\rohit\AppData\Local\Programs\Python\Python39\;C:\Users\rohit\AppData\Local\Microsoft\WindowsApps;C:\Users\rohit\AppData\Roaming\npm

Yarn version: 
  1.22.17

Node version: 
  16.13.2

Platform: 
  win32 x64

Trace: 
  Error: connect ECONNABORTED 104.16.16.35:443
      at TCPConnectWrap.afterConnect [as oncomplete] (node:net:1161:16)

npm manifest: 
  {
    "name": "krypt",
    "version": "0.0.0",
    "scripts": {
      "dev": "vite",
      "build": "vite build",
      "preview": "vite preview"
    },
    "dependencies": {
      "react": "^17.0.2",
      "react-dom": "^17.0.2",
      "react-icons": "^4.3.1"
    },
    "devDependencies": {
      "@vitejs/plugin-react": "^1.0.7",
      "autoprefixer": "^10.4.2",
      "postcss": "^8.4.6",
      "tailwindcss": "^3.0.19",
      "vite": "^2.7.2"
    }
  }

yarn manifest: 
  No manifest

Lockfile: 
  No lockfile
